/bin/sh: 1: google-chrome: not found
/bin/sh: 1: google-chrome-stable: not found
/bin/sh: 1: google-chrome-beta: not found
/bin/sh: 1: google-chrome-dev: not found
/bin/sh: 1: google-chrome: not found
/bin/sh: 1: google-chrome-stable: not found
/bin/sh: 1: google-chrome-beta: not found
/bin/sh: 1: google-chrome-dev: not found
Searching for: Acineta
Traceback (most recent call last):
  File "/home/chasuelt/Desktop/microbe-id/model/data_collection/inaturalist2.py", line 68, in <module>
    collect_images(query)
  File "/home/chasuelt/Desktop/microbe-id/model/data_collection/inaturalist2.py", line 26, in collect_images
    driver = create_chrome_driver(f"https://www.inaturalist.org/observations?place_id=any&subview=table&verifiable=any&q={query}")
  File "/home/chasuelt/Desktop/microbe-id/model/data_collection/driver.py", line 25, in create_chrome_driver
    driver = webdriver.Chrome(service=Service(ChromeDriverManager().install()), options=chrome_options)
  File "/home/chasuelt/.local/lib/python3.10/site-packages/webdriver_manager/chrome.py", line 40, in install
    driver_path = self._get_driver_binary_path(self.driver)
  File "/home/chasuelt/.local/lib/python3.10/site-packages/webdriver_manager/core/manager.py", line 40, in _get_driver_binary_path
    file = self._download_manager.download_file(driver.get_driver_download_url(os_type))
  File "/home/chasuelt/.local/lib/python3.10/site-packages/webdriver_manager/drivers/chrome.py", line 32, in get_driver_download_url
    driver_version_to_download = self.get_driver_version_to_download()
  File "/home/chasuelt/.local/lib/python3.10/site-packages/webdriver_manager/core/driver.py", line 48, in get_driver_version_to_download
    return self.get_latest_release_version()
  File "/home/chasuelt/.local/lib/python3.10/site-packages/webdriver_manager/drivers/chrome.py", line 64, in get_latest_release_version
    determined_browser_version = ".".join(determined_browser_version.split(".")[:3])
AttributeError: 'NoneType' object has no attribute 'split'
